2026-01-06 00:08:41,079 INFO o.a.j.u.JMeterUtils: Setting Locale to en_EN
2026-01-06 00:08:41,092 INFO o.a.j.JMeter: Loading user properties from: /opt/homebrew/Cellar/jmeter/5.6.3/libexec/bin/user.properties
2026-01-06 00:08:41,093 INFO o.a.j.JMeter: Loading system properties from: /opt/homebrew/Cellar/jmeter/5.6.3/libexec/bin/system.properties
2026-01-06 00:08:41,096 INFO o.a.j.JMeter: Copyright (c) 1998-2024 The Apache Software Foundation
2026-01-06 00:08:41,096 INFO o.a.j.JMeter: Version 5.6.3
2026-01-06 00:08:41,096 INFO o.a.j.JMeter: java.version=21.0.9
2026-01-06 00:08:41,096 INFO o.a.j.JMeter: java.vm.name=OpenJDK 64-Bit Server VM
2026-01-06 00:08:41,096 INFO o.a.j.JMeter: os.name=Mac OS X
2026-01-06 00:08:41,096 INFO o.a.j.JMeter: os.arch=aarch64
2026-01-06 00:08:41,096 INFO o.a.j.JMeter: os.version=26.2
2026-01-06 00:08:41,096 INFO o.a.j.JMeter: file.encoding=UTF-8
2026-01-06 00:08:41,096 INFO o.a.j.JMeter: java.awt.headless=true
2026-01-06 00:08:41,097 INFO o.a.j.JMeter: Max memory     =1073741824
2026-01-06 00:08:41,097 INFO o.a.j.JMeter: Available Processors =10
2026-01-06 00:08:41,102 INFO o.a.j.JMeter: Default Locale=English (EN)
2026-01-06 00:08:41,102 INFO o.a.j.JMeter: JMeter  Locale=English (EN)
2026-01-06 00:08:41,102 INFO o.a.j.JMeter: JMeterHome=/opt/homebrew/Cellar/jmeter/5.6.3/libexec
2026-01-06 00:08:41,102 INFO o.a.j.JMeter: user.dir  =/Users/dotritrong/Desktop/Capstone
2026-01-06 00:08:41,102 INFO o.a.j.JMeter: PWD       =/Users/dotritrong/Desktop/Capstone
2026-01-06 00:08:41,103 INFO o.a.j.JMeter: IP: 127.0.0.1 Name: PARK-3.local FullName: localhost
2026-01-06 00:08:41,110 ERROR o.a.j.JMeter: An error occurred: 
org.apache.jmeter.report.config.ConfigurationException: The file /Users/dotritrong/Desktop/Capstone/../Tests/NonFunctional/NFT_EI_01_SMTP.jmx doesn't exist or can't be opened
	at org.apache.jmeter.JMeter.runNonGui(JMeter.java:950) ~[ApacheJMeter_core.jar:5.6.3]
	at org.apache.jmeter.JMeter.startNonGui(JMeter.java:940) ~[ApacheJMeter_core.jar:5.6.3]
	at org.apache.jmeter.JMeter.start(JMeter.java:508) [ApacheJMeter_core.jar:5.6.3]
	at java.base/jdk.internal.reflect.DirectMethodHandleAccessor.invoke(DirectMethodHandleAccessor.java:103) ~[?:?]
	at java.base/java.lang.reflect.Method.invoke(Method.java:580) ~[?:?]
	at org.apache.jmeter.NewDriver.main(NewDriver.java:259) [ApacheJMeter.jar:5.6.3]
